<?xml version="1.0" encoding="utf-8" ?>
<!-- DO NOT EDIT THIS FILE -->

<log version='2.0' source='tcet'>
	<!-- Sampling enabled with the following: -->
	<!--     Budget                              5: -->
	<!--     Overdraft Budget                   75: -->
	<!--     Savings Budget                      2: -->
	<!-- Opened annotation file /opt/hpc/build/inspector/2021.4.0/lib64/../config/tc/qt.ant -->
	<!-- Opened annotation file /opt/hpc/build/inspector/2021.4.0/lib64/../config/tc/cpp11.ant -->
	<!-- Opened annotation file /opt/hpc/build/inspector/2021.4.0/lib64/../config/tc/cpp11_atomics.ant -->
	<!-- Opened annotation file /opt/hpc/build/inspector/2021.4.0/lib64/../config/tc/opencl.ant -->
	<!-- Opened annotation file /opt/hpc/build/inspector/2021.4.0/lib64/../config/tc/fortran.ant -->
	<!-- Opened annotation file /opt/hpc/build/inspector/2021.4.0/lib64/../config/tc/icl.ant -->
	<!-- Opened annotation file /opt/hpc/build/inspector/2021.4.0/lib64/../config/tc/allocators.ant -->
	<msg id='1' display='false' source='tccore'>
		<type>START</type>
		<severity>INFO</severity>
		<timestamp>Wed Nov  3 09:00:49 2021</timestamp>
	</msg>
	<!-- Successfully loaded CCRT 13.10.13 at address 0x7f94b6890000 - 0x7f94b6899000 -->
	<!-- Successfully loaded the TC Analysis Core 8.19.5 at address 0x7f94b43a6000 - 0x7f94b43d6000 -->
	<!-- Successfully loaded the TC Instrumentation Engine 8.19.5 at address 0x7f94b6899000 - 0x7f94b6b0d000 -->
	<!-- Environment: INTEL_LIBITTNOTIFY32=/opt/hpc/build/inspector/2021.4.0/lib32/runtime/libittnotify.so -->
	<!-- Environment: INTEL_LIBITTNOTIFY64=/opt/hpc/build/inspector/2021.4.0/lib64/runtime/libittnotify.so -->
	<!-- Environment: INTEL_JIT_PROFILER32=/opt/hpc/build/inspector/2021.4.0/lib32/libpinjitprofiling.so -->
	<!-- Environment: INTEL_JIT_PROFILER64=/opt/hpc/build/inspector/2021.4.0/lib64/libpinjitprofiling.so -->
	<!-- This is the instance of interest -->
	<msg id='2' source='tcet'>
		<type>EXEC_OF_INTEREST</type>
		<severity>INFO</severity>
		<timestamp>Wed Nov  3 09:00:49 2021</timestamp>
		<arg name='process'>/opt/hpc/external/prrte/bin/prte</arg>
		<arg name='pid'>401</arg>
	</msg>
	<msg id='3' source='tcet'>
		<type>LOAD_MODULE</type>
		<severity>INFO</severity>
		<timestamp>Wed Nov  3 09:00:49 2021</timestamp>
		<arg name='module'>/opt/hpc/external/prrte/bin/prte</arg>
		<arg name='basement'>0x400000</arg>
		<arg name='ceiling'>0x60c887</arg>
		<arg name='id'>2</arg>
	</msg>
	<msg id='4' source='tcet'>
		<type>LOAD_MODULE</type>
		<severity>INFO</severity>
		<timestamp>Wed Nov  3 09:00:49 2021</timestamp>
		<arg name='module'>/lib64/ld-linux-x86-64.so.2</arg>
		<arg name='basement'>0x7f94b8d66000</arg>
		<arg name='ceiling'>0x7f94b8f941cf</arg>
		<arg name='id'>3</arg>
	</msg>
	<msg id='5' source='tcet'>
		<type>LOAD_MODULE</type>
		<severity>INFO</severity>
		<timestamp>Wed Nov  3 09:00:49 2021</timestamp>
		<arg name='module'>[vdso]</arg>
		<arg name='basement'>0x7ffe23fe0000</arg>
		<arg name='ceiling'>0x7ffe23fe0fde</arg>
		<arg name='id'>4</arg>
	</msg>
	<msg id='6' source='tcet'>
		<type>LOAD_MODULE</type>
		<severity>INFO</severity>
		<timestamp>Wed Nov  3 09:00:50 2021</timestamp>
		<arg name='module'>/opt/hpc/external/prrte/lib/libprrte.so.2</arg>
		<arg name='basement'>0x7f94a2165000</arg>
		<arg name='ceiling'>0x7f94a2508d7f</arg>
		<arg name='id'>5</arg>
	</msg>
	<msg id='7' source='tcet'>
		<type>LOAD_MODULE</type>
		<severity>INFO</severity>
		<timestamp>Wed Nov  3 09:00:50 2021</timestamp>
		<arg name='module'>/opt/hpc/external/pmix/lib/libpmix.so.0</arg>
		<arg name='basement'>0x7f94a1c3b000</arg>
		<arg name='ceiling'>0x7f94a20e8807</arg>
		<arg name='id'>6</arg>
	</msg>
	<msg id='8' source='tcet'>
		<type>LOAD_MODULE</type>
		<severity>INFO</severity>
		<timestamp>Wed Nov  3 09:00:50 2021</timestamp>
		<arg name='module'>/lib64/libutil.so.1</arg>
		<arg name='basement'>0x7f94a19d2000</arg>
		<arg name='ceiling'>0x7f94a1bd510f</arg>
		<arg name='id'>7</arg>
	</msg>
	<msg id='9' source='tcet'>
		<type>LOAD_MODULE</type>
		<severity>INFO</severity>
		<timestamp>Wed Nov  3 09:00:50 2021</timestamp>
		<arg name='module'>/lib64/libdl.so.2</arg>
		<arg name='basement'>0x7f94a17c4000</arg>
		<arg name='ceiling'>0x7f94a19c712f</arg>
		<arg name='id'>8</arg>
	</msg>
	<msg id='10' source='tcet'>
		<type>LOAD_MODULE</type>
		<severity>INFO</severity>
		<timestamp>Wed Nov  3 09:00:50 2021</timestamp>
		<arg name='module'>/opt/hpc/local/libevent/lib/libevent_core-2.1.so.6</arg>
		<arg name='basement'>0x7f94a1586000</arg>
		<arg name='ceiling'>0x7f94a17bc097</arg>
		<arg name='id'>9</arg>
	</msg>
	<msg id='11' source='tcet'>
		<type>LOAD_MODULE</type>
		<severity>INFO</severity>
		<timestamp>Wed Nov  3 09:00:50 2021</timestamp>
		<arg name='module'>/opt/hpc/local/libevent/lib/libevent_pthreads-2.1.so.6</arg>
		<arg name='basement'>0x7f94a1383000</arg>
		<arg name='ceiling'>0x7f94a15850c7</arg>
		<arg name='id'>10</arg>
	</msg>
	<msg id='12' source='tcet'>
		<type>LOAD_MODULE</type>
		<severity>INFO</severity>
		<timestamp>Wed Nov  3 09:00:50 2021</timestamp>
		<arg name='module'>/lib64/libcrypto.so.1.1</arg>
		<arg name='basement'>0x7f94a0e94000</arg>
		<arg name='ceiling'>0x7f94a1379fff</arg>
		<arg name='id'>11</arg>
	</msg>
	<msg id='13' source='tcet'>
		<type>LOAD_MODULE</type>
		<severity>INFO</severity>
		<timestamp>Wed Nov  3 09:00:50 2021</timestamp>
		<arg name='module'>/opt/hpc/local/hwloc/lib/libhwloc.so.15</arg>
		<arg name='basement'>0x7f94a0c47000</arg>
		<arg name='ceiling'>0x7f94a0e93847</arg>
		<arg name='id'>12</arg>
	</msg>
	<msg id='14' source='tcet'>
		<type>LOAD_MODULE</type>
		<severity>INFO</severity>
		<timestamp>Wed Nov  3 09:00:50 2021</timestamp>
		<arg name='module'>/lib64/libm.so.6</arg>
		<arg name='basement'>0x7f94a08c5000</arg>
		<arg name='ceiling'>0x7f94a0c4613f</arg>
		<arg name='id'>13</arg>
	</msg>
	<msg id='15' source='tcet'>
		<type>LOAD_MODULE</type>
		<severity>INFO</severity>
		<timestamp>Wed Nov  3 09:00:50 2021</timestamp>
		<arg name='module'>/lib64/libpthread.so.0</arg>
		<arg name='basement'>0x7f94a06a5000</arg>
		<arg name='ceiling'>0x7f94a08c44bf</arg>
		<arg name='id'>14</arg>
	</msg>
	<msg id='16' source='tcet'>
		<type>LOAD_MODULE</type>
		<severity>INFO</severity>
		<timestamp>Wed Nov  3 09:00:50 2021</timestamp>
		<arg name='module'>/lib64/libc.so.6</arg>
		<arg name='basement'>0x7f94a02e0000</arg>
		<arg name='ceiling'>0x7f94a06a473f</arg>
		<arg name='id'>15</arg>
	</msg>
	<msg id='17' source='tcet'>
		<type>LOAD_MODULE</type>
		<severity>INFO</severity>
		<timestamp>Wed Nov  3 09:00:50 2021</timestamp>
		<arg name='module'>/lib64/libz.so.1</arg>
		<arg name='basement'>0x7f94a008a000</arg>
		<arg name='ceiling'>0x7f94a02a0007</arg>
		<arg name='id'>16</arg>
	</msg>
	<!-- Thread 0 effective sampling rate is 0/0 -->
	<msg id='18' source='tcet'>
		<type>UNLOAD_MODULE</type>
		<severity>INFO</severity>
		<timestamp>Wed Nov  3 09:00:53 2021</timestamp>
		<arg name='module'>/opt/hpc/external/prrte/bin/prte</arg>
		<arg name='id'>2</arg>
	</msg>
	<msg id='19' source='tcet'>
		<type>UNLOAD_MODULE</type>
		<severity>INFO</severity>
		<timestamp>Wed Nov  3 09:00:53 2021</timestamp>
		<arg name='module'>/lib64/ld-linux-x86-64.so.2</arg>
		<arg name='id'>3</arg>
	</msg>
	<msg id='20' source='tcet'>
		<type>UNLOAD_MODULE</type>
		<severity>INFO</severity>
		<timestamp>Wed Nov  3 09:00:53 2021</timestamp>
		<arg name='module'>[vdso]</arg>
		<arg name='id'>4</arg>
	</msg>
	<msg id='21' source='tcet'>
		<type>UNLOAD_MODULE</type>
		<severity>INFO</severity>
		<timestamp>Wed Nov  3 09:00:53 2021</timestamp>
		<arg name='module'>/opt/hpc/external/prrte/lib/libprrte.so.2</arg>
		<arg name='id'>5</arg>
	</msg>
	<msg id='22' source='tcet'>
		<type>UNLOAD_MODULE</type>
		<severity>INFO</severity>
		<timestamp>Wed Nov  3 09:00:53 2021</timestamp>
		<arg name='module'>/opt/hpc/external/pmix/lib/libpmix.so.0</arg>
		<arg name='id'>6</arg>
	</msg>
	<msg id='23' source='tcet'>
		<type>UNLOAD_MODULE</type>
		<severity>INFO</severity>
		<timestamp>Wed Nov  3 09:00:53 2021</timestamp>
		<arg name='module'>/lib64/libutil.so.1</arg>
		<arg name='id'>7</arg>
	</msg>
	<msg id='24' source='tcet'>
		<type>UNLOAD_MODULE</type>
		<severity>INFO</severity>
		<timestamp>Wed Nov  3 09:00:53 2021</timestamp>
		<arg name='module'>/lib64/libdl.so.2</arg>
		<arg name='id'>8</arg>
	</msg>
	<msg id='25' source='tcet'>
		<type>UNLOAD_MODULE</type>
		<severity>INFO</severity>
		<timestamp>Wed Nov  3 09:00:53 2021</timestamp>
		<arg name='module'>/opt/hpc/local/libevent/lib/libevent_core-2.1.so.6</arg>
		<arg name='id'>9</arg>
	</msg>
	<msg id='26' source='tcet'>
		<type>UNLOAD_MODULE</type>
		<severity>INFO</severity>
		<timestamp>Wed Nov  3 09:00:53 2021</timestamp>
		<arg name='module'>/opt/hpc/local/libevent/lib/libevent_pthreads-2.1.so.6</arg>
		<arg name='id'>10</arg>
	</msg>
	<msg id='27' source='tcet'>
		<type>UNLOAD_MODULE</type>
		<severity>INFO</severity>
		<timestamp>Wed Nov  3 09:00:53 2021</timestamp>
		<arg name='module'>/lib64/libcrypto.so.1.1</arg>
		<arg name='id'>11</arg>
	</msg>
	<msg id='28' source='tcet'>
		<type>UNLOAD_MODULE</type>
		<severity>INFO</severity>
		<timestamp>Wed Nov  3 09:00:53 2021</timestamp>
		<arg name='module'>/opt/hpc/local/hwloc/lib/libhwloc.so.15</arg>
		<arg name='id'>12</arg>
	</msg>
	<msg id='29' source='tcet'>
		<type>UNLOAD_MODULE</type>
		<severity>INFO</severity>
		<timestamp>Wed Nov  3 09:00:53 2021</timestamp>
		<arg name='module'>/lib64/libm.so.6</arg>
		<arg name='id'>13</arg>
	</msg>
	<msg id='30' source='tcet'>
		<type>UNLOAD_MODULE</type>
		<severity>INFO</severity>
		<timestamp>Wed Nov  3 09:00:53 2021</timestamp>
		<arg name='module'>/lib64/libpthread.so.0</arg>
		<arg name='id'>14</arg>
	</msg>
	<msg id='31' source='tcet'>
		<type>UNLOAD_MODULE</type>
		<severity>INFO</severity>
		<timestamp>Wed Nov  3 09:00:53 2021</timestamp>
		<arg name='module'>/lib64/libc.so.6</arg>
		<arg name='id'>15</arg>
	</msg>
	<msg id='32' source='tcet'>
		<type>UNLOAD_MODULE</type>
		<severity>INFO</severity>
		<timestamp>Wed Nov  3 09:00:53 2021</timestamp>
		<arg name='module'>/lib64/libz.so.1</arg>
		<arg name='id'>16</arg>
	</msg>
	<msg id='33' source='tcet'>
		<type>PROCESS_TERMINATE</type>
		<severity>INFO</severity>
		<timestamp>Wed Nov  3 09:00:53 2021</timestamp>
		<arg name='process'>/opt/hpc/external/prrte/bin/prte</arg>
		<arg name='pid'>401</arg>
	</msg>
	<msg id='34' source='tccore'>
		<type>SINGLE_THREAD</type>
		<severity>WARNING</severity>
		<timestamp>Wed Nov  3 09:00:53 2021</timestamp>
	</msg>
	<msg id='35' display='false' source='tccore'>
		<type>ANALYSIS_COMPLETE</type>
		<severity>INFO</severity>
		<timestamp>Wed Nov  3 09:00:53 2021</timestamp>
	</msg>
	<msg id='36' display='false' source='tccore'>
		<type>STOP</type>
		<severity>INFO</severity>
		<timestamp>Wed Nov  3 09:00:53 2021</timestamp>
	</msg>
</log>