<?xml version="1.0" encoding="utf-8" ?>
<!-- DO NOT EDIT THIS FILE -->

<log version='2.0' source='mc'>
	<!-- Successfully loaded CCRT at address 0x7fef1629f000 - 0x7fef162a8000 -->
	<!-- Successfully loaded MC at address 0x7fef167c7000 - 0x7fef167d3000 -->
	<!-- Analysis started for /opt/hpc/external/prrte/bin/prte, pid = 416 -->
	<msg id='1' source='mc'>
		<type>EXEC_OF_INTEREST</type>
		<severity>INFO</severity>
		<timestamp>Wed Nov  3 09:03:20 2021</timestamp>
		<arg name='path'>/opt/hpc/external/prrte/bin/prte</arg>
		<arg name='pid'>416</arg>
	</msg>
	<!-- Command line: /opt/hpc/build/inspector/2021.4.0/bin64/pinbin -p32 /opt/hpc/build/inspector/2021.4.0/bin32/pinbin -xyzzy -mesgoff console -xyzzy -bridge_save_x87 0 -bridge_save_mxcsr 0 -follow_execv -error_file /opt/hpc/build/p4est_dynres/applications/r001mi3/data.0/pin_error.log -logfile /opt/hpc/build/p4est_dynres/applications/r001mi3/data.0/pin.log -xyzzy -region_max_inss 100 -t64 /opt/hpc/build/inspector/2021.4.0/lib64/libmemchkr.so -t /opt/hpc/build/inspector/2021.4.0/lib32/libmemchkr.so -no-analyze-stack -access-checks -leak-check-on-exit -leak-check-on-demand -enable-memory-growth -leak-check-report-reachable -check-resource-leaks -suppress-breakpoints -freelist-vol 1000000 -leak-maximum 100000 -guard-zone-size 32 -stack-depth 16 -working-dir /opt/hpc/build/p4est_dynres/applications/r001mi3/data.0 -support_jit_api -log mc_prterun.log -result prterun - /opt/hpc/external/prrte/bin/prterun -np 4 -mca btl_tcp_if_include eth0 -H root-slurm-node01:8 -x LD_LIBRARY_PATH -x DYNMPI_BASE ./build/SWE_p4est_benchOmpidynresSynthetic_release -c 100 -l 1 -m i_ -n 1 -f 5  -->
	<!-- mc's options are the following:  -->
	<!-- -help                              false -->
	<!-- -verbose                           false -->
	<!-- -xyzzy                             false -->
	<!-- -version                           false -->
	<!-- -help-all                          false -->
	<!-- -xyzzy-all                         false -->
	<!-- -report-all-instances              false -->
	<!-- -check-for-padded-structures       true -->
	<!-- -check-for-bitfields               true -->
	<!-- -analyze-stack                     false -->
	<!-- -access-checks                     true -->
	<!-- -track-origins                     true -->
	<!-- -duplicate-uninits                 false -->
	<!-- -bss-initialized                   true -->
	<!-- -align-alloc-size                  false -->
	<!-- -report-uninit-read                false -->
	<!-- -ignore-system-libraries           false -->
	<!-- -gen-suppressions                  false -->
	<!-- -leak-check-on-exit                true -->
	<!-- -leak-check-on-demand              true -->
	<!-- -leak-check-uses-baseline          true -->
	<!-- -enable-memory-growth              true -->
	<!-- -leak-check-report-reachable       true -->
	<!-- -leak-check-full                   true -->
	<!-- -check-resource-leaks              true -->
	<!-- -trace-children                    false -->
	<!-- -enable-poke                       false -->
	<!-- -jit-mode-anyway                   false -->
	<!-- -check-mismatches                  false -->
	<!-- -aggressive-callstack-caching      false -->
	<!-- -suppress-breakpoints              true -->
	<!-- -monitor-memory                    false -->
	<!-- -keep-deallocation-stack           false -->
	<!-- -freelist-vol                      1000000 -->
	<!-- -leak-maximum                      100000 -->
	<!-- -guard-zone-size                   32 -->
	<!-- -stack-depth                       16 -->
	<!-- -heartbeat                         0 -->
	<!-- -breakpoint-file                   (null) -->
	<!-- -config-file                       (null) -->
	<!-- -log                               mc_prterun.log -->
	<!-- -ignore-commands                   (null),  -->
	<!-- -ignore-modules                    (null),  -->
	<!-- -ignore-symbols                    (null),  -->
	<!-- -module-of-interest                (null),  -->
	<!-- -executable-of-interest            (null),  -->
	<!-- -working-dir                       /opt/hpc/build/p4est_dynres/applications/r001mi3/data.0 -->
	<!-- -result                            prterun -->
	<!-- -exclude-module                    (null),  -->
	<!-- -include-module                    (null),  -->
	<!-- -only-exec-commands                (null),  -->
	<!-- -suppressions                      (null),  -->
	<!-- -debug                             none -->
	<!-- -shared-mem-name                   (null) -->
	<!-- -poke-function                     (null),  -->
	<!-- -analysis-mode                     (null) -->
	<!-- probe mode: no -->
	<!-- mem leaks checks: yes -->
	<!-- res leaks checks: yes -->
	<!-- access checks: yes -->
	<!-- gpu checks: no -->
	<!-- track origin: yes -->
	<!-- Environment: INTEL_LIBITTNOTIFY32=/opt/hpc/build/inspector/2021.4.0/lib32/runtime/libittnotify.so -->
	<!-- Environment: INTEL_LIBITTNOTIFY64=/opt/hpc/build/inspector/2021.4.0/lib64/runtime/libittnotify.so -->
	<!-- Environment: INTEL_JIT_PROFILER32=/opt/hpc/build/inspector/2021.4.0/lib32/libpinjitprofiling.so -->
	<!-- Environment: INTEL_JIT_PROFILER64=/opt/hpc/build/inspector/2021.4.0/lib64/libpinjitprofiling.so -->
	<!-- Module loaded /opt/hpc/external/prrte/bin/prte, address range [0x0000000000400000-0x000000000060c887] -->
	<msg id='2' source='mc'>
		<type>MODULE_LOAD</type>
		<severity>INFO</severity>
		<timestamp>Wed Nov  3 09:03:20 2021</timestamp>
		<arg name='path'>/opt/hpc/external/prrte/bin/prte</arg>
		<arg name='addr1'>0x400000</arg>
		<arg name='addr2'>0x60c887</arg>
	</msg>
	<!-- Module loaded /lib64/ld-linux-x86-64.so.2, address range [0x00007fef18818000-0x00007fef18a461cf], minimal analysis -->
	<msg id='3' source='mc'>
		<type>MODULE_LOAD_NO_ANALYSIS</type>
		<severity>INFO</severity>
		<timestamp>Wed Nov  3 09:03:20 2021</timestamp>
		<arg name='path'>/lib64/ld-linux-x86-64.so.2</arg>
		<arg name='addr1'>0x7fef18818000</arg>
		<arg name='addr2'>0x7fef18a461cf</arg>
	</msg>
	<!-- Module loaded [vdso], address range [0x00007ffef0bec000-0x00007ffef0becfde], minimal analysis -->
	<msg id='4' source='mc'>
		<type>MODULE_LOAD_NO_ANALYSIS</type>
		<severity>INFO</severity>
		<timestamp>Wed Nov  3 09:03:20 2021</timestamp>
		<arg name='path'>[vdso]</arg>
		<arg name='addr1'>0x7ffef0bec000</arg>
		<arg name='addr2'>0x7ffef0becfde</arg>
	</msg>
	<!-- DIAG: 1 -->
	<!-- DIAG: 2 -->
	<!-- Unable to lookup RVA for address 0x7feefe5cc3b0. Stack frame will not be reported. -->
	<!-- Unable to lookup RVA for address 0x7feefe54c3d8. Stack frame will not be reported. -->
	<!-- DIAG: 3 -->
	<!-- Unable to lookup RVA for address 0x7feefe5cc3b0. Stack frame will not be reported. -->
	<!-- Unable to lookup RVA for address 0x7feefe54c4c8. Stack frame will not be reported. -->
	<!-- DIAG: 4 -->
	<!-- Unable to lookup RVA for address 0x7feefe5cc3b0. Stack frame will not be reported. -->
	<!-- Unable to lookup RVA for address 0x7feefe54c4c8. Stack frame will not be reported. -->
	<!-- DIAG: 5 -->
	<!-- Unable to lookup RVA for address 0x7feefe5cc3b0. Stack frame will not be reported. -->
	<!-- Unable to lookup RVA for address 0x7feefe54c3d8. Stack frame will not be reported. -->
	<!-- Module loaded /opt/hpc/external/prrte/lib/libprrte.so.2, address range [0x00007fef00bd4000-0x00007fef00f77d7f] -->
	<msg id='5' source='mc'>
		<type>MODULE_LOAD</type>
		<severity>INFO</severity>
		<timestamp>Wed Nov  3 09:03:21 2021</timestamp>
		<arg name='path'>/opt/hpc/external/prrte/lib/libprrte.so.2</arg>
		<arg name='addr1'>0x7fef00bd4000</arg>
		<arg name='addr2'>0x7fef00f77d7f</arg>
	</msg>
	<!-- Module loaded /opt/hpc/external/pmix/lib/libpmix.so.0, address range [0x00007fef005da000-0x00007fef00a87807] -->
	<msg id='6' source='mc'>
		<type>MODULE_LOAD</type>
		<severity>INFO</severity>
		<timestamp>Wed Nov  3 09:03:21 2021</timestamp>
		<arg name='path'>/opt/hpc/external/pmix/lib/libpmix.so.0</arg>
		<arg name='addr1'>0x7fef005da000</arg>
		<arg name='addr2'>0x7fef00a87807</arg>
	</msg>
	<!-- Module loaded /lib64/libutil.so.1, address range [0x00007fef0028b000-0x00007fef0048e10f] -->
	<msg id='7' source='mc'>
		<type>MODULE_LOAD</type>
		<severity>INFO</severity>
		<timestamp>Wed Nov  3 09:03:21 2021</timestamp>
		<arg name='path'>/lib64/libutil.so.1</arg>
		<arg name='addr1'>0x7fef0028b000</arg>
		<arg name='addr2'>0x7fef0048e10f</arg>
	</msg>
	<!-- Module loaded /lib64/libdl.so.2, address range [0x00007feefffeb000-0x00007fef001ee12f], minimal analysis -->
	<msg id='8' source='mc'>
		<type>MODULE_LOAD_NO_ANALYSIS</type>
		<severity>INFO</severity>
		<timestamp>Wed Nov  3 09:03:21 2021</timestamp>
		<arg name='path'>/lib64/libdl.so.2</arg>
		<arg name='addr1'>0x7feefffeb000</arg>
		<arg name='addr2'>0x7fef001ee12f</arg>
	</msg>
	<!-- Module loaded /opt/hpc/local/libevent/lib/libevent_core-2.1.so.6, address range [0x00007feeffc37000-0x00007feeffe6d097] -->
	<msg id='9' source='mc'>
		<type>MODULE_LOAD</type>
		<severity>INFO</severity>
		<timestamp>Wed Nov  3 09:03:21 2021</timestamp>
		<arg name='path'>/opt/hpc/local/libevent/lib/libevent_core-2.1.so.6</arg>
		<arg name='addr1'>0x7feeffc37000</arg>
		<arg name='addr2'>0x7feeffe6d097</arg>
	</msg>
	<!-- Module loaded /opt/hpc/local/libevent/lib/libevent_pthreads-2.1.so.6, address range [0x00007feeff98f000-0x00007feeffb910c7] -->
	<msg id='10' source='mc'>
		<type>MODULE_LOAD</type>
		<severity>INFO</severity>
		<timestamp>Wed Nov  3 09:03:21 2021</timestamp>
		<arg name='path'>/opt/hpc/local/libevent/lib/libevent_pthreads-2.1.so.6</arg>
		<arg name='addr1'>0x7feeff98f000</arg>
		<arg name='addr2'>0x7feeffb910c7</arg>
	</msg>
	<!-- Module loaded /lib64/libcrypto.so.1.1, address range [0x00007feeff3f0000-0x00007feeff8d5fff] -->
	<msg id='11' source='mc'>
		<type>MODULE_LOAD</type>
		<severity>INFO</severity>
		<timestamp>Wed Nov  3 09:03:21 2021</timestamp>
		<arg name='path'>/lib64/libcrypto.so.1.1</arg>
		<arg name='addr1'>0x7feeff3f0000</arg>
		<arg name='addr2'>0x7feeff8d5fff</arg>
	</msg>
	<!-- Module loaded /opt/hpc/local/hwloc/lib/libhwloc.so.15, address range [0x00007feeff02f000-0x00007feeff27b847] -->
	<msg id='12' source='mc'>
		<type>MODULE_LOAD</type>
		<severity>INFO</severity>
		<timestamp>Wed Nov  3 09:03:21 2021</timestamp>
		<arg name='path'>/opt/hpc/local/hwloc/lib/libhwloc.so.15</arg>
		<arg name='addr1'>0x7feeff02f000</arg>
		<arg name='addr2'>0x7feeff27b847</arg>
	</msg>
	<!-- Module loaded /lib64/libm.so.6, address range [0x00007feefec2c000-0x00007feefefad13f] -->
	<msg id='13' source='mc'>
		<type>MODULE_LOAD</type>
		<severity>INFO</severity>
		<timestamp>Wed Nov  3 09:03:21 2021</timestamp>
		<arg name='path'>/lib64/libm.so.6</arg>
		<arg name='addr1'>0x7feefec2c000</arg>
		<arg name='addr2'>0x7feefefad13f</arg>
	</msg>
	<!-- Module loaded /lib64/libpthread.so.0, address range [0x00007feefe8fa000-0x00007feefeb194bf] -->
	<msg id='14' source='mc'>
		<type>MODULE_LOAD</type>
		<severity>INFO</severity>
		<timestamp>Wed Nov  3 09:03:21 2021</timestamp>
		<arg name='path'>/lib64/libpthread.so.0</arg>
		<arg name='addr1'>0x7feefe8fa000</arg>
		<arg name='addr2'>0x7feefeb194bf</arg>
	</msg>
	<!-- Module loaded /lib64/libc.so.6, address range [0x00007feefe494000-0x00007feefe85873f] -->
	<msg id='15' source='mc'>
		<type>MODULE_LOAD</type>
		<severity>INFO</severity>
		<timestamp>Wed Nov  3 09:03:21 2021</timestamp>
		<arg name='path'>/lib64/libc.so.6</arg>
		<arg name='addr1'>0x7feefe494000</arg>
		<arg name='addr2'>0x7feefe85873f</arg>
	</msg>
	<!-- Module loaded /lib64/libz.so.1, address range [0x00007feefe14f000-0x00007feefe365007] -->
	<msg id='16' source='mc'>
		<type>MODULE_LOAD</type>
		<severity>INFO</severity>
		<timestamp>Wed Nov  3 09:03:21 2021</timestamp>
		<arg name='path'>/lib64/libz.so.1</arg>
		<arg name='addr1'>0x7feefe14f000</arg>
		<arg name='addr2'>0x7feefe365007</arg>
	</msg>
	<!-- DIAG: 6 -->
	<!-- DIAG: 7 -->
	<!-- DIAG: 8 -->
	<!-- DIAG: 9 -->
	<!-- DIAG: 10 -->
	<!-- Process /opt/hpc/external/prrte/bin/prte exited with code 1. Leak analysis starting - this may take a while. -->
	<msg id='17' source='mc'>
		<type>PROCESS_COMPLETE</type>
		<severity>INFO</severity>
		<timestamp>Wed Nov  3 09:03:24 2021</timestamp>
		<arg name='path'>/opt/hpc/external/prrte/bin/prte</arg>
		<arg name='code'>1</arg>
	</msg>
	<!-- Module unloaded /opt/hpc/external/prrte/bin/prte -->
	<msg id='18' source='mc'>
		<type>MODULE_UNLOAD</type>
		<severity>INFO</severity>
		<timestamp>Wed Nov  3 09:03:24 2021</timestamp>
		<arg name='path'>/opt/hpc/external/prrte/bin/prte</arg>
	</msg>
	<!-- Module unloaded /lib64/ld-linux-x86-64.so.2 -->
	<msg id='19' source='mc'>
		<type>MODULE_UNLOAD</type>
		<severity>INFO</severity>
		<timestamp>Wed Nov  3 09:03:24 2021</timestamp>
		<arg name='path'>/lib64/ld-linux-x86-64.so.2</arg>
	</msg>
	<!-- Module unloaded [vdso] -->
	<msg id='20' source='mc'>
		<type>MODULE_UNLOAD</type>
		<severity>INFO</severity>
		<timestamp>Wed Nov  3 09:03:24 2021</timestamp>
		<arg name='path'>[vdso]</arg>
	</msg>
	<!-- Module unloaded /opt/hpc/external/prrte/lib/libprrte.so.2 -->
	<msg id='21' source='mc'>
		<type>MODULE_UNLOAD</type>
		<severity>INFO</severity>
		<timestamp>Wed Nov  3 09:03:24 2021</timestamp>
		<arg name='path'>/opt/hpc/external/prrte/lib/libprrte.so.2</arg>
	</msg>
	<!-- Module unloaded /opt/hpc/external/pmix/lib/libpmix.so.0 -->
	<msg id='22' source='mc'>
		<type>MODULE_UNLOAD</type>
		<severity>INFO</severity>
		<timestamp>Wed Nov  3 09:03:24 2021</timestamp>
		<arg name='path'>/opt/hpc/external/pmix/lib/libpmix.so.0</arg>
	</msg>
	<!-- Module unloaded /lib64/libutil.so.1 -->
	<msg id='23' source='mc'>
		<type>MODULE_UNLOAD</type>
		<severity>INFO</severity>
		<timestamp>Wed Nov  3 09:03:24 2021</timestamp>
		<arg name='path'>/lib64/libutil.so.1</arg>
	</msg>
	<!-- Module unloaded /lib64/libdl.so.2 -->
	<msg id='24' source='mc'>
		<type>MODULE_UNLOAD</type>
		<severity>INFO</severity>
		<timestamp>Wed Nov  3 09:03:24 2021</timestamp>
		<arg name='path'>/lib64/libdl.so.2</arg>
	</msg>
	<!-- Module unloaded /opt/hpc/local/libevent/lib/libevent_core-2.1.so.6 -->
	<msg id='25' source='mc'>
		<type>MODULE_UNLOAD</type>
		<severity>INFO</severity>
		<timestamp>Wed Nov  3 09:03:24 2021</timestamp>
		<arg name='path'>/opt/hpc/local/libevent/lib/libevent_core-2.1.so.6</arg>
	</msg>
	<!-- Module unloaded /opt/hpc/local/libevent/lib/libevent_pthreads-2.1.so.6 -->
	<msg id='26' source='mc'>
		<type>MODULE_UNLOAD</type>
		<severity>INFO</severity>
		<timestamp>Wed Nov  3 09:03:24 2021</timestamp>
		<arg name='path'>/opt/hpc/local/libevent/lib/libevent_pthreads-2.1.so.6</arg>
	</msg>
	<!-- Module unloaded /lib64/libcrypto.so.1.1 -->
	<msg id='27' source='mc'>
		<type>MODULE_UNLOAD</type>
		<severity>INFO</severity>
		<timestamp>Wed Nov  3 09:03:24 2021</timestamp>
		<arg name='path'>/lib64/libcrypto.so.1.1</arg>
	</msg>
	<!-- Module unloaded /opt/hpc/local/hwloc/lib/libhwloc.so.15 -->
	<msg id='28' source='mc'>
		<type>MODULE_UNLOAD</type>
		<severity>INFO</severity>
		<timestamp>Wed Nov  3 09:03:24 2021</timestamp>
		<arg name='path'>/opt/hpc/local/hwloc/lib/libhwloc.so.15</arg>
	</msg>
	<!-- Module unloaded /lib64/libm.so.6 -->
	<msg id='29' source='mc'>
		<type>MODULE_UNLOAD</type>
		<severity>INFO</severity>
		<timestamp>Wed Nov  3 09:03:24 2021</timestamp>
		<arg name='path'>/lib64/libm.so.6</arg>
	</msg>
	<!-- Module unloaded /lib64/libpthread.so.0 -->
	<msg id='30' source='mc'>
		<type>MODULE_UNLOAD</type>
		<severity>INFO</severity>
		<timestamp>Wed Nov  3 09:03:24 2021</timestamp>
		<arg name='path'>/lib64/libpthread.so.0</arg>
	</msg>
	<!-- Module unloaded /lib64/libc.so.6 -->
	<msg id='31' source='mc'>
		<type>MODULE_UNLOAD</type>
		<severity>INFO</severity>
		<timestamp>Wed Nov  3 09:03:24 2021</timestamp>
		<arg name='path'>/lib64/libc.so.6</arg>
	</msg>
	<!-- Module unloaded /lib64/libz.so.1 -->
	<msg id='32' source='mc'>
		<type>MODULE_UNLOAD</type>
		<severity>INFO</severity>
		<timestamp>Wed Nov  3 09:03:24 2021</timestamp>
		<arg name='path'>/lib64/libz.so.1</arg>
	</msg>
	<!-- DIAG: 11 -->
	<!-- DIAG: 12 -->
	<!-- DIAG: 13 -->
	<!-- DIAG: 14 -->
	<!-- DIAG: 15 -->
	<!-- DIAG: 16 -->
	<!-- DIAG: 17 -->
	<!-- DIAG: 18 -->
	<!-- DIAG: 19 -->
	<!-- DIAG: 20 -->
	<!-- DIAG: 21 -->
	<!-- DIAG: 22 -->
	<!-- DIAG: 23 -->
	<!-- DIAG: 24 -->
	<!-- DIAG: 25 -->
	<!-- DIAG: 26 -->
	<!-- DIAG: 27 -->
	<!-- DIAG: 28 -->
	<!-- DIAG: 29 -->
	<!-- DIAG: 30 -->
	<!-- DIAG: 31 -->
	<!-- DIAG: 32 -->
	<!-- DIAG: 33 -->
	<!-- DIAG: 34 -->
	<!-- DIAG: 35 -->
	<!-- DIAG: 36 -->
	<!-- DIAG: 37 -->
	<!-- DIAG: 38 -->
	<!-- DIAG: 39 -->
	<!-- DIAG: 40 -->
	<!-- DIAG: 41 -->
	<!-- DIAG: 42 -->
	<!-- DIAG: 43 -->
	<!-- DIAG: 44 -->
	<!-- DIAG: 45 -->
	<!-- DIAG: 46 -->
	<!-- DIAG: 47 -->
	<!-- DIAG: 48 -->
	<!-- DIAG: 49 -->
	<!-- DIAG: 50 -->
	<!-- DIAG: 51 -->
	<!-- DIAG: 52 -->
	<!-- DIAG: 53 -->
	<!-- DIAG: 54 -->
	<!-- DIAG: 55 -->
	<!-- DIAG: 56 -->
	<!-- DIAG: 57 -->
	<!-- DIAG: 58 -->
	<!-- DIAG: 59 -->
	<!-- DIAG: 60 -->
	<!-- DIAG: 61 -->
	<!-- DIAG: 62 -->
	<!-- DIAG: 63 -->
	<!-- DIAG: 64 -->
	<!-- DIAG: 65 -->
	<!-- DIAG: 66 -->
	<!-- DIAG: 67 -->
	<!-- DIAG: 68 -->
	<!-- DIAG: 69 -->
	<!-- DIAG: 70 -->
	<!-- DIAG: 71 -->
	<!-- DIAG: 72 -->
	<!-- DIAG: 73 -->
	<!-- DIAG: 74 -->
	<!-- DIAG: 75 -->
	<!-- DIAG: 76 -->
	<!-- DIAG: 77 -->
	<!-- DIAG: 78 -->
	<!-- DIAG: 79 -->
	<!-- DIAG: 80 -->
	<!-- DIAG: 81 -->
	<!-- DIAG: 82 -->
	<!-- DIAG: 83 -->
	<!-- DIAG: 84 -->
	<!-- DIAG: 85 -->
	<!-- DIAG: 86 -->
	<!-- DIAG: 87 -->
	<!-- DIAG: 88 -->
	<!-- DIAG: 89 -->
	<!-- DIAG: 90 -->
	<!-- DIAG: 91 -->
	<!-- DIAG: 92 -->
	<!-- DIAG: 93 -->
	<!-- DIAG: 94 -->
	<!-- DIAG: 95 -->
	<!-- DIAG: 96 -->
	<!-- DIAG: 97 -->
	<!-- DIAG: 98 -->
	<!-- DIAG: 99 -->
	<!-- DIAG: 100 -->
	<!-- DIAG: 101 -->
	<!-- DIAG: 102 -->
	<!-- DIAG: 103 -->
	<!-- DIAG: 104 -->
	<!-- DIAG: 105 -->
	<!-- DIAG: 106 -->
	<!-- DIAG: 107 -->
	<!-- DIAG: 108 -->
	<!-- DIAG: 109 -->
	<!-- DIAG: 110 -->
	<!-- DIAG: 111 -->
	<!-- DIAG: 112 -->
	<!-- DIAG: 113 -->
	<!-- DIAG: 114 -->
	<!-- DIAG: 115 -->
	<!-- DIAG: 116 -->
	<!-- DIAG: 117 -->
	<!-- DIAG: 118 -->
	<!-- DIAG: 119 -->
	<!-- DIAG: 120 -->
	<!-- DIAG: 121 -->
	<!-- DIAG: 122 -->
	<!-- DIAG: 123 -->
	<!-- DIAG: 124 -->
	<!-- DIAG: 125 -->
	<!-- DIAG: 126 -->
	<!-- DIAG: 127 -->
	<!-- DIAG: 128 -->
	<!-- DIAG: 129 -->
	<!-- DIAG: 130 -->
	<!-- DIAG: 131 -->
	<!-- DIAG: 132 -->
	<!-- DIAG: 133 -->
	<!-- DIAG: 134 -->
	<!-- DIAG: 135 -->
	<!-- DIAG: 136 -->
	<!-- DIAG: 137 -->
	<!-- DIAG: 138 -->
	<!-- DIAG: 139 -->
	<!-- DIAG: 140 -->
	<!-- DIAG: 141 -->
	<!-- DIAG: 142 -->
	<!-- DIAG: 143 -->
	<!-- DIAG: 144 -->
	<!-- DIAG: 145 -->
	<!-- DIAG: 146 -->
	<!-- DIAG: 147 -->
	<!-- DIAG: 148 -->
	<!-- DIAG: 149 -->
	<!-- DIAG: 150 -->
	<!-- DIAG: 151 -->
	<!-- DIAG: 152 -->
	<!-- DIAG: 153 -->
	<!-- DIAG: 154 -->
	<!-- DIAG: 155 -->
	<!-- DIAG: 156 -->
	<!-- DIAG: 157 -->
	<!-- DIAG: 158 -->
	<!-- DIAG: 159 -->
	<!-- DIAG: 160 -->
	<!-- DIAG: 161 -->
	<!-- DIAG: 162 -->
	<!-- DIAG: 163 -->
	<!-- DIAG: 164 -->
	<!-- DIAG: 165 -->
	<!-- DIAG: 166 -->
	<!-- DIAG: 167 -->
	<!-- DIAG: 168 -->
	<!-- DIAG: 169 -->
	<!-- DIAG: 170 -->
	<!-- DIAG: 171 -->
	<!-- DIAG: 172 -->
	<!-- DIAG: 173 -->
	<!-- DIAG: 174 -->
	<!-- DIAG: 175 -->
	<!-- DIAG: 176 -->
	<!-- DIAG: 177 -->
	<!-- DIAG: 178 -->
	<!-- DIAG: 179 -->
	<!-- DIAG: 180 -->
	<!-- DIAG: 181 -->
	<!-- DIAG: 182 -->
	<!-- DIAG: 183 -->
	<!-- DIAG: 184 -->
	<!-- DIAG: 185 -->
	<!-- DIAG: 186 -->
	<!-- DIAG: 187 -->
	<!-- DIAG: 188 -->
	<!-- DIAG: 189 -->
	<!-- DIAG: 190 -->
	<!-- DIAG: 191 -->
	<!-- DIAG: 192 -->
	<!-- DIAG: 193 -->
	<!-- DIAG: 194 -->
	<!-- DIAG: 195 -->
	<!-- DIAG: 196 -->
	<!-- DIAG: 197 -->
	<!-- DIAG: 198 -->
	<!-- DIAG: 199 -->
	<!-- DIAG: 200 -->
	<!-- DIAG: 201 -->
	<!-- DIAG: 202 -->
	<!-- DIAG: 203 -->
	<!-- DIAG: 204 -->
	<!-- DIAG: 205 -->
	<!-- DIAG: 206 -->
	<!-- DIAG: 207 -->
	<!-- DIAG: 208 -->
	<!-- DIAG: 209 -->
	<!-- DIAG: 210 -->
	<!-- DIAG: 211 -->
	<!-- DIAG: 212 -->
	<!-- DIAG: 213 -->
	<!-- DIAG: 214 -->
	<!-- DIAG: 215 -->
	<!-- DIAG: 216 -->
	<!-- DIAG: 217 -->
	<!-- DIAG: 218 -->
	<!-- DIAG: 219 -->
	<!-- DIAG: 220 -->
	<!-- DIAG: 221 -->
	<!-- DIAG: 222 -->
	<!-- DIAG: 223 -->
	<!-- DIAG: 224 -->
	<!-- DIAG: 225 -->
	<!-- DIAG: 226 -->
	<!-- DIAG: 227 -->
	<!-- DIAG: 228 -->
	<!-- DIAG: 229 -->
	<!-- DIAG: 230 -->
	<!-- DIAG: 231 -->
	<!-- DIAG: 232 -->
	<!-- DIAG: 233 -->
	<!-- DIAG: 234 -->
	<!-- DIAG: 235 -->
	<!-- DIAG: 236 -->
	<!-- DIAG: 237 -->
	<!-- DIAG: 238 -->
	<!-- DIAG: 239 -->
	<!-- DIAG: 240 -->
	<!-- DIAG: 241 -->
	<!-- DIAG: 242 -->
	<!-- DIAG: 243 -->
	<!-- DIAG: 244 -->
	<!-- DIAG: 245 -->
	<!-- DIAG: 246 -->
	<!-- DIAG: 247 -->
	<!-- DIAG: 248 -->
	<!-- DIAG: 249 -->
	<!-- DIAG: 250 -->
	<!-- DIAG: 251 -->
	<!-- DIAG: 252 -->
	<!-- DIAG: 253 -->
	<!-- DIAG: 254 -->
	<!-- DIAG: 255 -->
	<!-- DIAG: 256 -->
	<!-- DIAG: 257 -->
	<!-- DIAG: 258 -->
	<!-- DIAG: 259 -->
	<!-- DIAG: 260 -->
	<!-- DIAG: 261 -->
	<!-- DIAG: 262 -->
	<!-- DIAG: 263 -->
	<!-- DIAG: 264 -->
	<!-- DIAG: 265 -->
	<!-- DIAG: 266 -->
	<!-- DIAG: 267 -->
	<!-- DIAG: 268 -->
	<!-- DIAG: 269 -->
	<!-- DIAG: 270 -->
	<!-- DIAG: 271 -->
	<!-- DIAG: 272 -->
	<!-- DIAG: 273 -->
	<!-- DIAG: 274 -->
	<!-- DIAG: 275 -->
	<!-- DIAG: 276 -->
	<!-- DIAG: 277 -->
	<!-- DIAG: 278 -->
	<!-- DIAG: 279 -->
	<!-- DIAG: 280 -->
	<!-- DIAG: 281 -->
	<!-- DIAG: 282 -->
	<!-- DIAG: 283 -->
	<!-- DIAG: 284 -->
	<!-- DIAG: 285 -->
	<!-- DIAG: 286 -->
	<!-- DIAG: 287 -->
	<!-- DIAG: 288 -->
	<!-- DIAG: 289 -->
	<!-- DIAG: 290 -->
	<!-- DIAG: 291 -->
	<!-- DIAG: 292 -->
	<!-- DIAG: 293 -->
	<!-- DIAG: 294 -->
	<!-- DIAG: 295 -->
	<!-- DIAG: 296 -->
	<!-- DIAG: 297 -->
	<!-- DIAG: 298 -->
	<!-- DIAG: 299 -->
	<!-- DIAG: 300 -->
	<!-- DIAG: 301 -->
	<!-- DIAG: 302 -->
	<!-- DIAG: 303 -->
	<!-- DIAG: 304 -->
	<!-- DIAG: 305 -->
	<!-- DIAG: 306 -->
	<!-- DIAG: 307 -->
	<!-- DIAG: 308 -->
	<!-- DIAG: 309 -->
	<!-- DIAG: 310 -->
	<!-- DIAG: 311 -->
	<!-- DIAG: 312 -->
	<!-- DIAG: 313 -->
	<!-- DIAG: 314 -->
	<!-- DIAG: 315 -->
	<!-- DIAG: 316 -->
	<!-- DIAG: 317 -->
	<!-- DIAG: 318 -->
	<!-- DIAG: 319 -->
	<!-- DIAG: 320 -->
	<!-- DIAG: 321 -->
	<!-- DIAG: 322 -->
	<!-- DIAG: 323 -->
	<!-- DIAG: 324 -->
	<!-- DIAG: 325 -->
	<!-- DIAG: 326 -->
	<!-- DIAG: 327 -->
	<!-- DIAG: 328 -->
	<!-- DIAG: 329 -->
	<!-- DIAG: 330 -->
	<!-- DIAG: 331 -->
	<!-- DIAG: 332 -->
	<!-- DIAG: 333 -->
	<!-- DIAG: 334 -->
	<!-- DIAG: 335 -->
	<!-- DIAG: 336 -->
	<!-- DIAG: 337 -->
	<!-- DIAG: 338 -->
	<!-- DIAG: 339 -->
	<!-- DIAG: 340 -->
	<!-- DIAG: 341 -->
	<!-- DIAG: 342 -->
	<!-- DIAG: 343 -->
	<!-- DIAG: 344 -->
	<!-- DIAG: 345 -->
	<!-- DIAG: 346 -->
	<!-- DIAG: 347 -->
	<!-- DIAG: 348 -->
	<!-- DIAG: 349 -->
	<!-- DIAG: 350 -->
	<!-- DIAG: 351 -->
	<!-- DIAG: 352 -->
	<!-- DIAG: 353 -->
	<!-- DIAG: 354 -->
	<!-- DIAG: 355 -->
	<!-- DIAG: 356 -->
	<!-- DIAG: 357 -->
	<!-- DIAG: 358 -->
	<!-- DIAG: 359 -->
	<!-- DIAG: 360 -->
	<!-- DIAG: 361 -->
	<!-- DIAG: 362 -->
	<!-- DIAG: 363 -->
	<!-- DIAG: 364 -->
	<!-- DIAG: 365 -->
	<!-- DIAG: 366 -->
	<!-- DIAG: 367 -->
	<!-- DIAG: 368 -->
	<!-- DIAG: 369 -->
	<!-- DIAG: 370 -->
	<!-- DIAG: 371 -->
	<!-- DIAG: 372 -->
	<!-- DIAG: 373 -->
	<!-- DIAG: 374 -->
	<!-- DIAG: 375 -->
	<!-- DIAG: 376 -->
	<!-- DIAG: 377 -->
	<!-- DIAG: 378 -->
	<!-- DIAG: 379 -->
	<!-- DIAG: 380 -->
	<!-- DIAG: 381 -->
	<!-- DIAG: 382 -->
	<!-- DIAG: 383 -->
	<!-- DIAG: 384 -->
	<!-- DIAG: 385 -->
	<!-- DIAG: 386 -->
	<!-- DIAG: 387 -->
	<!-- DIAG: 388 -->
	<!-- DIAG: 389 -->
	<!-- DIAG: 390 -->
	<!-- DIAG: 391 -->
	<!-- DIAG: 392 -->
	<!-- DIAG: 393 -->
	<!-- DIAG: 394 -->
	<!-- DIAG: 395 -->
	<!-- DIAG: 396 -->
	<!-- DIAG: 397 -->
	<!-- DIAG: 398 -->
	<!-- DIAG: 399 -->
	<!-- DIAG: 400 -->
	<!-- Analysis completed for /opt/hpc/external/prrte/bin/prte -->
	<msg id='33' source='mc'>
		<type>ANALYSIS_COMPLETE</type>
		<severity>INFO</severity>
		<timestamp>Wed Nov  3 09:03:25 2021</timestamp>
		<arg name='path'>/opt/hpc/external/prrte/bin/prte</arg>
	</msg>
	<!-- XmlReport::closeReport -->